<?xml version="1.0" encoding="UTF-8" standalone="no"?><testsuite errors="0" failures="1" name="Browse the catalog" skipped="1" tests="13" time="92.59" timestamp="2021-12-22 04:13:49"><testcase name="Colin reviews our range of products"/><testcase name="Colin reviews our range of products by hand"><skipped/></testcase><testcase name="Colin reviews more of our range of products by hand"/><testcase name="Colin reviews more of our range of products by hand and finds a problem"><failure/></testcase><testcase name="Colin views information about each product"/><testcase name="Colin views the details for specific products"/><testcase name="Sort products"/></testsuite>